<?xml version="1.0" encoding="UTF-8"?>
<!-- Generated by org.testng.reporters.JUnitReportReporter -->
<testsuite hostname="nikachoo" failures="0" tests="15" name="com.dsAlgoTestRunner.SequentialAndParallelTestRunner" time="301.909" errors="0" timestamp="2024-08-23T09:47:36 PDT" skipped="0">
  <testcase classname="com.dsAlgoTestRunner.SequentialAndParallelTestRunner" name="runScenario" time="23.815"/>
  <system-out/>
  <testcase classname="com.dsAlgoTestRunner.SequentialAndParallelTestRunner" name="runScenario" time="25.901"/>
  <system-out/>
  <testcase classname="com.dsAlgoTestRunner.SequentialAndParallelTestRunner" name="runScenario" time="22.909"/>
  <system-out/>
  <testcase classname="com.dsAlgoTestRunner.SequentialAndParallelTestRunner" name="runScenario" time="29.402"/>
  <system-out/>
  <testcase classname="com.dsAlgoTestRunner.SequentialAndParallelTestRunner" name="runScenario" time="23.351"/>
  <system-out/>
  <testcase classname="com.dsAlgoTestRunner.SequentialAndParallelTestRunner" name="runScenario" time="24.253"/>
  <system-out/>
  <testcase classname="com.dsAlgoTestRunner.SequentialAndParallelTestRunner" name="runScenario" time="22.475"/>
  <system-out/>
  <testcase classname="com.dsAlgoTestRunner.SequentialAndParallelTestRunner" name="runScenario" time="19.615"/>
  <system-out/>
  <testcase classname="com.dsAlgoTestRunner.SequentialAndParallelTestRunner" name="runScenario" time="21.264"/>
  <system-out/>
  <testcase classname="com.dsAlgoTestRunner.SequentialAndParallelTestRunner" name="runScenario" time="12.674"/>
  <system-out/>
  <testcase classname="com.dsAlgoTestRunner.SequentialAndParallelTestRunner" name="runScenario" time="13.841"/>
  <system-out/>
  <testcase classname="com.dsAlgoTestRunner.SequentialAndParallelTestRunner" name="runScenario" time="14.365"/>
  <system-out/>
  <testcase classname="com.dsAlgoTestRunner.SequentialAndParallelTestRunner" name="runScenario" time="13.818"/>
  <system-out/>
  <testcase classname="com.dsAlgoTestRunner.SequentialAndParallelTestRunner" name="runScenario" time="21.968"/>
  <system-out/>
  <testcase classname="com.dsAlgoTestRunner.SequentialAndParallelTestRunner" name="runScenario" time="12.258"/>
  <system-out/>
</testsuite> <!-- com.dsAlgoTestRunner.SequentialAndParallelTestRunner -->
