<?xml version="1.0" encoding="UTF-8"?>
<!-- Generated by org.testng.reporters.JUnitReportReporter -->
<testsuite hostname="nikachoo" failures="0" tests="6" name="com.dsAlgoTestRunner.SequentialAndParallelTestRunner" time="71.110" errors="0" timestamp="2024-08-16T13:39:12 PDT" skipped="0">
  <testcase classname="com.dsAlgoTestRunner.SequentialAndParallelTestRunner" name="runScenario" time="16.221"/>
  <system-out/>
  <testcase classname="com.dsAlgoTestRunner.SequentialAndParallelTestRunner" name="runScenario" time="9.019"/>
  <system-out/>
  <testcase classname="com.dsAlgoTestRunner.SequentialAndParallelTestRunner" name="runScenario" time="13.270"/>
  <system-out/>
  <testcase classname="com.dsAlgoTestRunner.SequentialAndParallelTestRunner" name="runScenario" time="9.542"/>
  <system-out/>
  <testcase classname="com.dsAlgoTestRunner.SequentialAndParallelTestRunner" name="runScenario" time="8.260"/>
  <system-out/>
  <testcase classname="com.dsAlgoTestRunner.SequentialAndParallelTestRunner" name="runScenario" time="14.798"/>
  <system-out/>
</testsuite> <!-- com.dsAlgoTestRunner.SequentialAndParallelTestRunner -->
