<?xml version="1.0" encoding="UTF-8"?>
<!-- Generated by org.testng.reporters.JUnitReportReporter -->
<testsuite hostname="nikachoo" failures="0" tests="4" name="com.dsAlgoTestRunner.SequentialAndParallelTestRunner" time="28.517" errors="0" timestamp="2024-08-16T10:24:00 PDT" skipped="0">
  <testcase classname="com.dsAlgoTestRunner.SequentialAndParallelTestRunner" name="runScenario" time="10.444"/>
  <system-out/>
  <testcase classname="com.dsAlgoTestRunner.SequentialAndParallelTestRunner" name="runScenario" time="5.393"/>
  <system-out/>
  <testcase classname="com.dsAlgoTestRunner.SequentialAndParallelTestRunner" name="runScenario" time="4.387"/>
  <system-out/>
  <testcase classname="com.dsAlgoTestRunner.SequentialAndParallelTestRunner" name="runScenario" time="8.293"/>
  <system-out/>
</testsuite> <!-- com.dsAlgoTestRunner.SequentialAndParallelTestRunner -->
